Removed Pin From Net: NetName=+5 Pin=R1_atmega-1
Removed Pin From Net: NetName=NetIC?_1 Pin=R1_atmega-2
Removed Member From Class: ClassName=Schematic_Alarm_tone Member=R1_atmega
Change component parameters: Designator = "R1_amp" ("R1_amp"); Footprint = "AXIAL-0.3"; UniqueID = "\LPWNFNBQ" ("\LPWNFNBQ")
Change component parameters (AddParameter): Name = "Arrow Part Number"; Value = "MRS25000C1002FRP00"; VariantName = "[No Variations]"
Change component parameters (AddParameter): Name = "Arrow Price/Stock"; Value = "https://www.arrow.com/en/products/mrs25000c1002frp00/vishay?region=nac"; VariantName = "[No Variations]"
Change component parameters (AddParameter): Name = "Datasheet Link"; Value = "http://www.vishay.com/docs/28724/mrs16m25.pdf"; VariantName = "[No Variations]"
Change component parameters (AddParameter): Name = "Manufacturer_Name"; Value = "Vishay"; VariantName = "[No Variations]"
Change component parameters (AddParameter): Name = "Manufacturer_Part_Number"; Value = "MRS25000C1002FRP00"; VariantName = "[No Variations]"
Change component parameters (AddParameter): Name = "Mouser Part Number"; Value = "594-MRS2510K00F"; VariantName = "[No Variations]"
Change component parameters (AddParameter): Name = "Mouser Price/Stock"; Value = "https://www.mouser.co.uk/ProductDetail/Vishay-BC-Components/MRS25000C1002FRP00?qs=BLrwpM7T1TlvU75Y03Sdyg%3D%3D"; VariantName = "[No Variations]"
Added Component: Designator=R1_reset(RESAD1680W59L680D250)
Add component (AddParameter): Name = "Arrow Part Number"; Value = ""; VariantName = "[No Variations]"
Add component (AddParameter): Name = "Arrow Price/Stock"; Value = ""; VariantName = "[No Variations]"
Add component (AddParameter): Name = "Datasheet Link"; Value = "https://componentsearchengine.com/Datasheets/2/MF25 1K2.pdf"; VariantName = "[No Variations]"
Add component (AddParameter): Name = "Manufacturer_Name"; Value = "MULTICOMP"; VariantName = "[No Variations]"
Add component (AddParameter): Name = "Manufacturer_Part_Number"; Value = "MF25 1K2"; VariantName = "[No Variations]"
Add component (AddParameter): Name = "Mouser Part Number"; Value = ""; VariantName = "[No Variations]"
Add component (AddParameter): Name = "Mouser Price/Stock"; Value = ""; VariantName = "[No Variations]"
Added Pin To Net: NetName=NetIC?_1 Pin=R1_reset-1
Added Pin To Net: NetName=+5 Pin=R1_reset-2
Added Member To Class: ClassName=Schematic_Alarm_tone Member=Component R1_reset 1K
Added Room: Name=Schematic_Alarm_tone
