Added Component: Designator=ATMEGA328-PU(DIP1016W53P254L3468H457Q28N)
Add component (AddParameter): Name = "Arrow Part Number"; Value = "ATMEGA328-PU"; VariantName = "[No Variations]"
Add component (AddParameter): Name = "Arrow Price/Stock"; Value = "https://www.arrow.com/en/products/atmega328-pu/microchip-technology?region=europe"; VariantName = "[No Variations]"
Add component (AddParameter): Name = "Datasheet Link"; Value = "https://componentsearchengine.com/Datasheets/1/ATMEGA328-PU.pdf"; VariantName = "[No Variations]"
Add component (AddParameter): Name = "Height"; Value = "4.572mm"; VariantName = "[No Variations]"
Add component (AddParameter): Name = "Manufacturer_Name"; Value = "Microchip"; VariantName = "[No Variations]"
Add component (AddParameter): Name = "Manufacturer_Part_Number"; Value = "ATMEGA328-PU"; VariantName = "[No Variations]"
Add component (AddParameter): Name = "Mouser Part Number"; Value = "556-ATMEGA328-PU"; VariantName = "[No Variations]"
Add component (AddParameter): Name = "Mouser Price/Stock"; Value = "https://www.mouser.co.uk/ProductDetail/Microchip-Technology-Atmel/ATMEGA328-PU?qs=lwdSMh1%2FoYJT8tfItQpQtA%3D%3D"; VariantName = "[No Variations]"
Added Component: Designator=C1_A(RCE5C1H103J1A2H03B)
Add component (AddParameter): Name = "Datasheet Link"; Value = "https://psearch.en.murata.com/capacitor/product/RDER71E104K0K1H03B.html"; VariantName = "[No Variations]"
Add component (AddParameter): Name = "Height"; Value = "5mm"; VariantName = "[No Variations]"
Add component (AddParameter): Name = "Manufacturer_Name"; Value = "Murata Electronics"; VariantName = "[No Variations]"
Add component (AddParameter): Name = "Manufacturer_Part_Number"; Value = "RDER71E104K0K1H03B"; VariantName = "[No Variations]"
Add component (AddParameter): Name = "Mouser2 Part Number"; Value = ""; VariantName = "[No Variations]"
Add component (AddParameter): Name = "Mouser2 Price/Stock"; Value = ""; VariantName = "[No Variations]"
Added Component: Designator=C1_P(CAPPRD200W52D500H1250)
Add component (AddParameter): Name = "Datasheet Link"; Value = "https://componentsearchengine.com/Datasheets/1/860010772002.pdf"; VariantName = "[No Variations]"
Add component (AddParameter): Name = "Height"; Value = "12.5mm"; VariantName = "[No Variations]"
Add component (AddParameter): Name = "Manufacturer_Name"; Value = "Wurth Elektronik"; VariantName = "[No Variations]"
Add component (AddParameter): Name = "Manufacturer_Part_Number"; Value = "860010772002"; VariantName = "[No Variations]"
Add component (AddParameter): Name = "Mouser2 Part Number"; Value = ""; VariantName = "[No Variations]"
Add component (AddParameter): Name = "Mouser2 Price/Stock"; Value = ""; VariantName = "[No Variations]"
Added Component: Designator=C2_A(CAPPRD200W55D500H1250)
Add component (AddParameter): Name = "Datasheet Link"; Value = "https://componentsearchengine.com//EEU-FR1H100.pdf"; VariantName = "[No Variations]"
Add component (AddParameter): Name = "Height"; Value = "12.5mm"; VariantName = "[No Variations]"
Add component (AddParameter): Name = "Manufacturer_Name"; Value = "Panasonic"; VariantName = "[No Variations]"
Add component (AddParameter): Name = "Manufacturer_Part_Number"; Value = "EEU-FR1H100"; VariantName = "[No Variations]"
Add component (AddParameter): Name = "Mouser2 Part Number"; Value = "667-EEU-FR1H100"; VariantName = "[No Variations]"
Add component (AddParameter): Name = "Mouser2 Price/Stock"; Value = "https://www.mouser.com/Search/Refine.aspx?Keyword=667-EEU-FR1H100"; VariantName = "[No Variations]"
Added Component: Designator=C2_P(RCE5C1H103J1A2H03B)
Add component (AddParameter): Name = "Datasheet Link"; Value = "https://psearch.en.murata.com/capacitor/product/RDER71E104K0K1H03B.html"; VariantName = "[No Variations]"
Add component (AddParameter): Name = "Height"; Value = "5mm"; VariantName = "[No Variations]"
Add component (AddParameter): Name = "Manufacturer_Name"; Value = "Murata Electronics"; VariantName = "[No Variations]"
Add component (AddParameter): Name = "Manufacturer_Part_Number"; Value = "RDER71E104K0K1H03B"; VariantName = "[No Variations]"
Add component (AddParameter): Name = "Mouser2 Part Number"; Value = ""; VariantName = "[No Variations]"
Add component (AddParameter): Name = "Mouser2 Price/Stock"; Value = ""; VariantName = "[No Variations]"
Added Component: Designator=C3_A(CAPPRD200W55D500H1250)
Add component (AddParameter): Name = "Datasheet Link"; Value = "https://componentsearchengine.com//EEU-FR1H100.pdf"; VariantName = "[No Variations]"
Add component (AddParameter): Name = "Height"; Value = "12.5mm"; VariantName = "[No Variations]"
Add component (AddParameter): Name = "Manufacturer_Name"; Value = "Panasonic"; VariantName = "[No Variations]"
Add component (AddParameter): Name = "Manufacturer_Part_Number"; Value = "EEU-FR1H100"; VariantName = "[No Variations]"
Add component (AddParameter): Name = "Mouser2 Part Number"; Value = "667-EEU-FR1H100"; VariantName = "[No Variations]"
Add component (AddParameter): Name = "Mouser2 Price/Stock"; Value = "https://www.mouser.com/Search/Refine.aspx?Keyword=667-EEU-FR1H100"; VariantName = "[No Variations]"
Added Component: Designator=C3_P(CAPPRD200W55D500H1250)
Add component (AddParameter): Name = "Datasheet Link"; Value = "https://componentsearchengine.com//EEU-FR1H100.pdf"; VariantName = "[No Variations]"
Add component (AddParameter): Name = "Height"; Value = "12.5mm"; VariantName = "[No Variations]"
Add component (AddParameter): Name = "Manufacturer_Name"; Value = "Panasonic"; VariantName = "[No Variations]"
Add component (AddParameter): Name = "Manufacturer_Part_Number"; Value = "EEU-FR1H100"; VariantName = "[No Variations]"
Add component (AddParameter): Name = "Mouser2 Part Number"; Value = "667-EEU-FR1H100"; VariantName = "[No Variations]"
Add component (AddParameter): Name = "Mouser2 Price/Stock"; Value = "https://www.mouser.com/Search/Refine.aspx?Keyword=667-EEU-FR1H100"; VariantName = "[No Variations]"
Added Component: Designator=C4_P(RCE5C1H103J1A2H03B)
Add component (AddParameter): Name = "Datasheet Link"; Value = "https://psearch.en.murata.com/capacitor/product/RDER71E104K0K1H03B.html"; VariantName = "[No Variations]"
Add component (AddParameter): Name = "Height"; Value = "5mm"; VariantName = "[No Variations]"
Add component (AddParameter): Name = "Manufacturer_Name"; Value = "Murata Electronics"; VariantName = "[No Variations]"
Add component (AddParameter): Name = "Manufacturer_Part_Number"; Value = "RDER71E104K0K1H03B"; VariantName = "[No Variations]"
Add component (AddParameter): Name = "Mouser2 Part Number"; Value = ""; VariantName = "[No Variations]"
Add component (AddParameter): Name = "Mouser2 Price/Stock"; Value = ""; VariantName = "[No Variations]"
Added Component: Designator=D_P(DIOAD950W60L350D150)
Add component (AddParameter): Name = "Datasheet Link"; Value = "https://componentsearchengine.com//SD103A-TR.pdf"; VariantName = "[No Variations]"
Add component (AddParameter): Name = "Manufacturer_Name"; Value = "Vishay"; VariantName = "[No Variations]"
Add component (AddParameter): Name = "Manufacturer_Part_Number"; Value = "SD103A-TR"; VariantName = "[No Variations]"
Add component (AddParameter): Name = "Mouser2 Part Number"; Value = "625-SD103A"; VariantName = "[No Variations]"
Add component (AddParameter): Name = "Mouser2 Price/Stock"; Value = "https://www.mouser.com/Search/Refine.aspx?Keyword=625-SD103A"; VariantName = "[No Variations]"
Added Component: Designator=DC IN(0010845020)
Add component (AddParameter): Name = "Arrow Part Number"; Value = "0010845020"; VariantName = "[No Variations]"
Add component (AddParameter): Name = "Arrow Price/Stock"; Value = "https://www.arrow.com/en/products/0010845020/molex"; VariantName = "[No Variations]"
Add component (AddParameter): Name = "Datasheet Link"; Value = "https://www.mouser.com/datasheet/2/276/0010845020_PCB_HEADERS-247555.pdf"; VariantName = "[No Variations]"
Add component (AddParameter): Name = "Height"; Value = "14.22mm"; VariantName = "[No Variations]"
Add component (AddParameter): Name = "Manufacturer_Name"; Value = "Molex"; VariantName = "[No Variations]"
Add component (AddParameter): Name = "Manufacturer_Part_Number"; Value = "0010845020"; VariantName = "[No Variations]"
Add component (AddParameter): Name = "Mouser Part Number"; Value = "N/A"; VariantName = "[No Variations]"
Add component (AddParameter): Name = "Mouser Price/Stock"; Value = "https://www.mouser.com/Search/Refine.aspx?Keyword=N%2FA"; VariantName = "[No Variations]"
Added Component: Designator=IC_P(TO254P482X997X2018-3P)
Add component (AddParameter): Name = "Arrow Part Number"; Value = "MC7805CTG"; VariantName = "[No Variations]"
Add component (AddParameter): Name = "Arrow Price/Stock"; Value = "https://www.arrow.com/en/products/mc7805ctg/on-semiconductor?region=asia"; VariantName = "[No Variations]"
Add component (AddParameter): Name = "Datasheet Link"; Value = "http://www.onsemi.com/pub/Collateral/MC7800-D.PDF"; VariantName = "[No Variations]"
Add component (AddParameter): Name = "Height"; Value = "4.82mm"; VariantName = "[No Variations]"
Add component (AddParameter): Name = "Manufacturer_Name"; Value = "ON Semiconductor"; VariantName = "[No Variations]"
Add component (AddParameter): Name = "Manufacturer_Part_Number"; Value = "MC7805CTG"; VariantName = "[No Variations]"
Add component (AddParameter): Name = "Mouser Part Number"; Value = "863-MC7805CTG"; VariantName = "[No Variations]"
Add component (AddParameter): Name = "Mouser Price/Stock"; Value = "https://www.mouser.co.uk/ProductDetail/ON-Semiconductor/MC7805CTG?qs=%252B9%2Fcbd0IE0SRQQJXyw%252B9hQ%3D%3D"; VariantName = "[No Variations]"
Added Component: Designator=IC(DIP787W53P254L982H508Q8N)
Add component (AddParameter): Name = "Arrow Part Number"; Value = "LM386N-4"; VariantName = "[No Variations]"
Add component (AddParameter): Name = "Arrow Price/Stock"; Value = "https://www.arrow.com/en/products/lm386n-4/texas-instruments"; VariantName = "[No Variations]"
Add component (AddParameter): Name = "Datasheet Link"; Value = "https://datasheet.datasheetarchive.com/originals/dk/DKDS-22/438053.pdf"; VariantName = "[No Variations]"
Add component (AddParameter): Name = "Height"; Value = "5.08mm"; VariantName = "[No Variations]"
Add component (AddParameter): Name = "Manufacturer_Name"; Value = "Texas Instruments"; VariantName = "[No Variations]"
Add component (AddParameter): Name = "Manufacturer_Part_Number"; Value = "LM386N-4"; VariantName = "[No Variations]"
Add component (AddParameter): Name = "Mouser Part Number"; Value = "926-LM386N-4"; VariantName = "[No Variations]"
Add component (AddParameter): Name = "Mouser Price/Stock"; Value = "https://www.mouser.com/Search/Refine.aspx?Keyword=926-LM386N-4"; VariantName = "[No Variations]"
Added Component: Designator=R1_amp(RESAD1650W60L650D250)
Add component (AddParameter): Name = "Arrow Part Number"; Value = "MRS25000C1002FRP00"; VariantName = "[No Variations]"
Add component (AddParameter): Name = "Arrow Price/Stock"; Value = "https://www.arrow.com/en/products/mrs25000c1002frp00/vishay?region=nac"; VariantName = "[No Variations]"
Add component (AddParameter): Name = "Datasheet Link"; Value = "http://www.vishay.com/docs/28724/mrs16m25.pdf"; VariantName = "[No Variations]"
Add component (AddParameter): Name = "Manufacturer_Name"; Value = "Vishay"; VariantName = "[No Variations]"
Add component (AddParameter): Name = "Manufacturer_Part_Number"; Value = "MRS25000C1002FRP00"; VariantName = "[No Variations]"
Add component (AddParameter): Name = "Mouser Part Number"; Value = "594-MRS2510K00F"; VariantName = "[No Variations]"
Add component (AddParameter): Name = "Mouser Price/Stock"; Value = "https://www.mouser.co.uk/ProductDetail/Vishay-BC-Components/MRS25000C1002FRP00?qs=BLrwpM7T1TlvU75Y03Sdyg%3D%3D"; VariantName = "[No Variations]"
Added Component: Designator=R1_reset(RESAD1680W59L680D250)
Add component (AddParameter): Name = "Arrow Part Number"; Value = ""; VariantName = "[No Variations]"
Add component (AddParameter): Name = "Arrow Price/Stock"; Value = ""; VariantName = "[No Variations]"
Add component (AddParameter): Name = "Datasheet Link"; Value = "https://componentsearchengine.com/Datasheets/2/MF25 1K2.pdf"; VariantName = "[No Variations]"
Add component (AddParameter): Name = "Manufacturer_Name"; Value = "MULTICOMP"; VariantName = "[No Variations]"
Add component (AddParameter): Name = "Manufacturer_Part_Number"; Value = "MF25 1K2"; VariantName = "[No Variations]"
Add component (AddParameter): Name = "Mouser Part Number"; Value = ""; VariantName = "[No Variations]"
Add component (AddParameter): Name = "Mouser Price/Stock"; Value = ""; VariantName = "[No Variations]"
Added Component: Designator=RTC(HDRV4W87P0X254_1X4_991X236X1155P)
Add component (AddParameter): Name = "Arrow Part Number"; Value = "0022032041"; VariantName = "[No Variations]"
Add component (AddParameter): Name = "Arrow Price/Stock"; Value = "https://www.arrow.com/en/products/0022032041/molex"; VariantName = "[No Variations]"
Add component (AddParameter): Name = "Datasheet Link"; Value = "http://www.molex.com/pdm_docs/sd/022032041_sd.pdf"; VariantName = "[No Variations]"
Add component (AddParameter): Name = "Height"; Value = "11.55mm"; VariantName = "[No Variations]"
Add component (AddParameter): Name = "Manufacturer_Name"; Value = "Molex"; VariantName = "[No Variations]"
Add component (AddParameter): Name = "Manufacturer_Part_Number"; Value = "0022032041"; VariantName = "[No Variations]"
Add component (AddParameter): Name = "Mouser Part Number"; Value = "N/A"; VariantName = "[No Variations]"
Add component (AddParameter): Name = "Mouser Price/Stock"; Value = "https://www.mouser.co.uk/ProductDetail/Molex/0022032041?qs=PBcRNPEHKsrt5pJfEqGMHQ%3D%3D"; VariantName = "[No Variations]"
Added Component: Designator=Speaker(HDRV2W90P0X254_1X2_508X241X858P)
Add component (AddParameter): Name = "Arrow Part Number"; Value = "69190-402HLF"; VariantName = "[No Variations]"
Add component (AddParameter): Name = "Arrow Price/Stock"; Value = "https://www.arrow.com/en/products/69190-402hlf/amphenol-fci?region=nac"; VariantName = "[No Variations]"
Add component (AddParameter): Name = "Datasheet Link"; Value = "https://cdn.amphenol-icc.com/media/wysiwyg/files/drawing/69190.pdf"; VariantName = "[No Variations]"
Add component (AddParameter): Name = "Height"; Value = "8.58mm"; VariantName = "[No Variations]"
Add component (AddParameter): Name = "Manufacturer_Name"; Value = "Amphenol"; VariantName = "[No Variations]"
Add component (AddParameter): Name = "Manufacturer_Part_Number"; Value = "69190-402HLF"; VariantName = "[No Variations]"
Add component (AddParameter): Name = "Mouser Part Number"; Value = "649-69190-402HLF"; VariantName = "[No Variations]"
Add component (AddParameter): Name = "Mouser Price/Stock"; Value = "https://www.mouser.co.uk/ProductDetail/Amphenol-FCI/69190-402HLF?qs=FG09h9tFCuBmxnxtT7pYzA%3D%3D"; VariantName = "[No Variations]"
Added Component: Designator=SWITCH(HDRV8W90P0X254_1X8_2032X249X560P)
Add component (AddParameter): Name = "Arrow Part Number"; Value = "90120-0768"; VariantName = "[No Variations]"
Add component (AddParameter): Name = "Arrow Price/Stock"; Value = "http://www.arrow.com/en/products/90120-0768/molex"; VariantName = "[No Variations]"
Add component (AddParameter): Name = "Datasheet Link"; Value = "http://www.molex.com/molex/products/datasheet.jsp?part=active/0901200768_PCB_HEADERS.xml"; VariantName = "[No Variations]"
Add component (AddParameter): Name = "Height"; Value = "5.6mm"; VariantName = "[No Variations]"
Add component (AddParameter): Name = "Manufacturer_Name"; Value = "Molex"; VariantName = "[No Variations]"
Add component (AddParameter): Name = "Manufacturer_Part_Number"; Value = "90120-0768"; VariantName = "[No Variations]"
Add component (AddParameter): Name = "Mouser Part Number"; Value = "538-90120-0768"; VariantName = "[No Variations]"
Add component (AddParameter): Name = "Mouser Price/Stock"; Value = "https://www.mouser.co.uk/ProductDetail/Molex/90120-0768?qs=PvP5v7EimsmChj6ovxYE3w%3D%3D"; VariantName = "[No Variations]"
Added Pin To Net: NetName=+12 Pin=C1_P-1
Added Pin To Net: NetName=+12 Pin=C2_P-1
Added Pin To Net: NetName=+12 Pin=D_P-1
Added Pin To Net: NetName=+12 Pin=IC_P-1
Added Net: Name=+12
Added Pin To Net: NetName=GND Pin=ATMEGA328-PU-8
Added Pin To Net: NetName=GND Pin=ATMEGA328-PU-22
Added Pin To Net: NetName=GND Pin=C1_A-2
Added Pin To Net: NetName=GND Pin=C1_P-2
Added Pin To Net: NetName=GND Pin=C2_P-2
Added Pin To Net: NetName=GND Pin=C3_A-2
Added Pin To Net: NetName=GND Pin=C3_P-2
Added Pin To Net: NetName=GND Pin=C4_P-2
Added Pin To Net: NetName=GND Pin=DC IN-1
Added Pin To Net: NetName=GND Pin=IC-2
Added Pin To Net: NetName=GND Pin=IC-4
Added Pin To Net: NetName=GND Pin=IC_P-2
Added Pin To Net: NetName=GND Pin=RTC-1
Added Pin To Net: NetName=GND Pin=Speaker-1
Added Pin To Net: NetName=GND Pin=SWITCH-1
Added Net: Name=GND
Added Pin To Net: NetName=LED Pin=ATMEGA328-PU-7
Added Pin To Net: NetName=LED Pin=ATMEGA328-PU-20
Added Pin To Net: NetName=LED Pin=C1_A-1
Added Pin To Net: NetName=LED Pin=C3_P-1
Added Pin To Net: NetName=LED Pin=C4_P-1
Added Pin To Net: NetName=LED Pin=IC-6
Added Pin To Net: NetName=LED Pin=IC_P-3
Added Pin To Net: NetName=LED Pin=R1_reset-2
Added Pin To Net: NetName=LED Pin=RTC-2
Added Pin To Net: NetName=LED Pin=SWITCH-4
Added Net: Name=LED
Added Pin To Net: NetName=NetATMEGA328-PU_1 Pin=ATMEGA328-PU-1
Added Pin To Net: NetName=NetATMEGA328-PU_1 Pin=R1_reset-1
Added Net: Name=NetATMEGA328-PU_1
Added Pin To Net: NetName=NetATMEGA328-PU_27 Pin=ATMEGA328-PU-27
Added Pin To Net: NetName=NetATMEGA328-PU_27 Pin=RTC-4
Added Net: Name=NetATMEGA328-PU_27
Added Pin To Net: NetName=NetATMEGA328-PU_28 Pin=ATMEGA328-PU-28
Added Pin To Net: NetName=NetATMEGA328-PU_28 Pin=RTC-3
Added Net: Name=NetATMEGA328-PU_28
Added Pin To Net: NetName=NetC2_A_1 Pin=C2_A-1
Added Pin To Net: NetName=NetC2_A_1 Pin=IC-1
Added Net: Name=NetC2_A_1
Added Pin To Net: NetName=NetC2_A_2 Pin=C2_A-2
Added Pin To Net: NetName=NetC2_A_2 Pin=IC-8
Added Net: Name=NetC2_A_2
Added Pin To Net: NetName=NetC3_A_1 Pin=C3_A-1
Added Pin To Net: NetName=NetC3_A_1 Pin=R1_amp-2
Added Net: Name=NetC3_A_1
Added Pin To Net: NetName=NetD_P_2 Pin=D_P-2
Added Pin To Net: NetName=NetD_P_2 Pin=DC IN-2
Added Net: Name=NetD_P_2
Added Pin To Net: NetName=NetIC_5 Pin=IC-5
Added Pin To Net: NetName=NetIC_5 Pin=Speaker-2
Added Net: Name=NetIC_5
Added Pin To Net: NetName=NetIC_7 Pin=IC-7
Added Pin To Net: NetName=NetIC_7 Pin=R1_amp-1
Added Net: Name=NetIC_7
Added Pin To Net: NetName=Snooze Pin=ATMEGA328-PU-16
Added Pin To Net: NetName=Snooze Pin=SWITCH-8
Added Net: Name=Snooze
Added Pin To Net: NetName=Speaker Pin=ATMEGA328-PU-2
Added Pin To Net: NetName=Speaker Pin=SWITCH-2
Added Net: Name=Speaker
Added Pin To Net: NetName=STOP Pin=ATMEGA328-PU-17
Added Pin To Net: NetName=STOP Pin=SWITCH-7
Added Net: Name=STOP
Added Pin To Net: NetName=T1 Pin=ATMEGA328-PU-19
Added Pin To Net: NetName=T1 Pin=SWITCH-5
Added Net: Name=T1
Added Pin To Net: NetName=T2 Pin=ATMEGA328-PU-18
Added Pin To Net: NetName=T2 Pin=SWITCH-6
Added Net: Name=T2
Added Pin To Net: NetName=Vol_Out Pin=IC-3
Added Pin To Net: NetName=Vol_Out Pin=SWITCH-3
Added Net: Name=Vol_Out
Added Class: Name=Schematic_Alarm_tone
