Added Component: Designator=ATMEGA328-PU(DIP1016W53P254L3468H457Q28N)
Add component (AddParameter): Name = "Arrow Part Number"; Value = "ATMEGA328-PU"; VariantName = "[No Variations]"
Add component (AddParameter): Name = "Arrow Price/Stock"; Value = "https://www.arrow.com/en/products/atmega328-pu/microchip-technology?region=europe"; VariantName = "[No Variations]"
Add component (AddParameter): Name = "Datasheet Link"; Value = "https://componentsearchengine.com/Datasheets/1/ATMEGA328-PU.pdf"; VariantName = "[No Variations]"
Add component (AddParameter): Name = "Height"; Value = "4.572mm"; VariantName = "[No Variations]"
Add component (AddParameter): Name = "Manufacturer_Name"; Value = "Microchip"; VariantName = "[No Variations]"
Add component (AddParameter): Name = "Manufacturer_Part_Number"; Value = "ATMEGA328-PU"; VariantName = "[No Variations]"
Add component (AddParameter): Name = "Mouser Part Number"; Value = "556-ATMEGA328-PU"; VariantName = "[No Variations]"
Add component (AddParameter): Name = "Mouser Price/Stock"; Value = "https://www.mouser.co.uk/ProductDetail/Microchip-Technology-Atmel/ATMEGA328-PU?qs=lwdSMh1%2FoYJT8tfItQpQtA%3D%3D"; VariantName = "[No Variations]"
Added Component: Designator=Button(HDR1X5)
Add component (AddParameter): Name = "LatestRevisionDate"; Value = "17-Jul-2002"; VariantName = "[No Variations]"
Add component (AddParameter): Name = "LatestRevisionNote"; Value = "Re-released for DXP Platform."; VariantName = "[No Variations]"
Add component (AddParameter): Name = "Publisher"; Value = "Altium Limited"; VariantName = "[No Variations]"
Added Component: Designator=C1_amp(CAPAE430X610N)
Add component (AddParameter): Name = "Arrow Part Number"; Value = "EEE-FK1V100UR"; VariantName = "[No Variations]"
Add component (AddParameter): Name = "Arrow Price/Stock"; Value = "https://www.arrow.com/en/products/eeefk1v100ur/panasonic"; VariantName = "[No Variations]"
Add component (AddParameter): Name = "Datasheet Link"; Value = "https://componentsearchengine.com/Datasheets/2/EEEFK1V100UR.pdf"; VariantName = "[No Variations]"
Add component (AddParameter): Name = "Height"; Value = "6.1mm"; VariantName = "[No Variations]"
Add component (AddParameter): Name = "Manufacturer_Name"; Value = "Panasonic"; VariantName = "[No Variations]"
Add component (AddParameter): Name = "Manufacturer_Part_Number"; Value = "EEE-FK1V100UR"; VariantName = "[No Variations]"
Add component (AddParameter): Name = "Mouser Part Number"; Value = "667-EEE-FK1V100UR"; VariantName = "[No Variations]"
Add component (AddParameter): Name = "Mouser Price/Stock"; Value = "https://www.mouser.co.uk/ProductDetail/Panasonic/EEE-FK1V100UR?qs=qE6bgDGEOCsJL7HSGgjMFA%3D%3D"; VariantName = "[No Variations]"
Added Component: Designator=C1_Power(CAPPRD200W50D525H1250)
Add component (AddParameter): Name = "Arrow Part Number"; Value = ""; VariantName = "[No Variations]"
Add component (AddParameter): Name = "Arrow Price/Stock"; Value = ""; VariantName = "[No Variations]"
Add component (AddParameter): Name = "Datasheet Link"; Value = "http://nichicon-us.com/english/products/pdfs/e-uvr.pdf"; VariantName = "[No Variations]"
Add component (AddParameter): Name = "Height"; Value = "12.5mm"; VariantName = "[No Variations]"
Add component (AddParameter): Name = "Manufacturer_Name"; Value = "Nichicon"; VariantName = "[No Variations]"
Add component (AddParameter): Name = "Manufacturer_Part_Number"; Value = "UVR2AR22MDD1TD"; VariantName = "[No Variations]"
Add component (AddParameter): Name = "Mouser Part Number"; Value = "647-UVR2AR22MDD1TD"; VariantName = "[No Variations]"
Add component (AddParameter): Name = "Mouser Price/Stock"; Value = "https://www.mouser.com/Search/Refine.aspx?Keyword=647-UVR2AR22MDD1TD"; VariantName = "[No Variations]"
Added Component: Designator=C2_amp(CAPAE430X610N)
Add component (AddParameter): Name = "Arrow Part Number"; Value = "EEE-FK1V100UR"; VariantName = "[No Variations]"
Add component (AddParameter): Name = "Arrow Price/Stock"; Value = "https://www.arrow.com/en/products/eeefk1v100ur/panasonic"; VariantName = "[No Variations]"
Add component (AddParameter): Name = "Datasheet Link"; Value = "https://componentsearchengine.com/Datasheets/2/EEEFK1V100UR.pdf"; VariantName = "[No Variations]"
Add component (AddParameter): Name = "Height"; Value = "6.1mm"; VariantName = "[No Variations]"
Add component (AddParameter): Name = "Manufacturer_Name"; Value = "Panasonic"; VariantName = "[No Variations]"
Add component (AddParameter): Name = "Manufacturer_Part_Number"; Value = "EEE-FK1V100UR"; VariantName = "[No Variations]"
Add component (AddParameter): Name = "Mouser Part Number"; Value = "667-EEE-FK1V100UR"; VariantName = "[No Variations]"
Add component (AddParameter): Name = "Mouser Price/Stock"; Value = "https://www.mouser.co.uk/ProductDetail/Panasonic/EEE-FK1V100UR?qs=qE6bgDGEOCsJL7HSGgjMFA%3D%3D"; VariantName = "[No Variations]"
Added Component: Designator=C2_power(CAPC1005X55N)
Add component (AddParameter): Name = "Arrow Part Number"; Value = "GRM155R71C104KA88D"; VariantName = "[No Variations]"
Add component (AddParameter): Name = "Arrow Price/Stock"; Value = "https://www.arrow.com/en/products/grm155r71c104ka88d/murata-manufacturing"; VariantName = "[No Variations]"
Add component (AddParameter): Name = "Datasheet Link"; Value = "http://www.murata.com/~/media/webrenewal/support/library/catalog/products/capacitor/mlcc/c02e.pdf"; VariantName = "[No Variations]"
Add component (AddParameter): Name = "Height"; Value = "0.55mm"; VariantName = "[No Variations]"
Add component (AddParameter): Name = "Manufacturer_Name"; Value = "Murata Electronics"; VariantName = "[No Variations]"
Add component (AddParameter): Name = "Manufacturer_Part_Number"; Value = "GRM155R71C104KA88D"; VariantName = "[No Variations]"
Add component (AddParameter): Name = "Mouser Part Number"; Value = "N/A"; VariantName = "[No Variations]"
Add component (AddParameter): Name = "Mouser Price/Stock"; Value = ""; VariantName = "[No Variations]"
Added Component: Designator=C3_power(CAPAE430X610N)
Add component (AddParameter): Name = "Arrow Part Number"; Value = "EEE-FK1V100UR"; VariantName = "[No Variations]"
Add component (AddParameter): Name = "Arrow Price/Stock"; Value = "https://www.arrow.com/en/products/eeefk1v100ur/panasonic"; VariantName = "[No Variations]"
Add component (AddParameter): Name = "Datasheet Link"; Value = "https://componentsearchengine.com/Datasheets/2/EEEFK1V100UR.pdf"; VariantName = "[No Variations]"
Add component (AddParameter): Name = "Height"; Value = "6.1mm"; VariantName = "[No Variations]"
Add component (AddParameter): Name = "Manufacturer_Name"; Value = "Panasonic"; VariantName = "[No Variations]"
Add component (AddParameter): Name = "Manufacturer_Part_Number"; Value = "EEE-FK1V100UR"; VariantName = "[No Variations]"
Add component (AddParameter): Name = "Mouser Part Number"; Value = "667-EEE-FK1V100UR"; VariantName = "[No Variations]"
Add component (AddParameter): Name = "Mouser Price/Stock"; Value = "https://www.mouser.co.uk/ProductDetail/Panasonic/EEE-FK1V100UR?qs=qE6bgDGEOCsJL7HSGgjMFA%3D%3D"; VariantName = "[No Variations]"
Added Component: Designator=C4_p(CAPC1005X55N)
Add component (AddParameter): Name = "Arrow Part Number"; Value = "GRM155R71C104KA88D"; VariantName = "[No Variations]"
Add component (AddParameter): Name = "Arrow Price/Stock"; Value = "https://www.arrow.com/en/products/grm155r71c104ka88d/murata-manufacturing"; VariantName = "[No Variations]"
Add component (AddParameter): Name = "Datasheet Link"; Value = "http://www.murata.com/~/media/webrenewal/support/library/catalog/products/capacitor/mlcc/c02e.pdf"; VariantName = "[No Variations]"
Add component (AddParameter): Name = "Height"; Value = "0.55mm"; VariantName = "[No Variations]"
Add component (AddParameter): Name = "Manufacturer_Name"; Value = "Murata Electronics"; VariantName = "[No Variations]"
Add component (AddParameter): Name = "Manufacturer_Part_Number"; Value = "GRM155R71C104KA88D"; VariantName = "[No Variations]"
Add component (AddParameter): Name = "Mouser Part Number"; Value = "N/A"; VariantName = "[No Variations]"
Add component (AddParameter): Name = "Mouser Price/Stock"; Value = ""; VariantName = "[No Variations]"
Added Component: Designator=C?(CAPC1005X55N)
Add component (AddParameter): Name = "Arrow Part Number"; Value = "GRM155R71C104KA88D"; VariantName = "[No Variations]"
Add component (AddParameter): Name = "Arrow Price/Stock"; Value = "https://www.arrow.com/en/products/grm155r71c104ka88d/murata-manufacturing"; VariantName = "[No Variations]"
Add component (AddParameter): Name = "Datasheet Link"; Value = "http://www.murata.com/~/media/webrenewal/support/library/catalog/products/capacitor/mlcc/c02e.pdf"; VariantName = "[No Variations]"
Add component (AddParameter): Name = "Height"; Value = "0.55mm"; VariantName = "[No Variations]"
Add component (AddParameter): Name = "Manufacturer_Name"; Value = "Murata Electronics"; VariantName = "[No Variations]"
Add component (AddParameter): Name = "Manufacturer_Part_Number"; Value = "GRM155R71C104KA88D"; VariantName = "[No Variations]"
Add component (AddParameter): Name = "Mouser Part Number"; Value = "N/A"; VariantName = "[No Variations]"
Add component (AddParameter): Name = "Mouser Price/Stock"; Value = ""; VariantName = "[No Variations]"
Added Component: Designator=H1(HDR1X2)
Add component (AddParameter): Name = "LatestRevisionDate"; Value = "17-Jul-2002"; VariantName = "[No Variations]"
Add component (AddParameter): Name = "LatestRevisionNote"; Value = "Re-released for DXP Platform."; VariantName = "[No Variations]"
Add component (AddParameter): Name = "Publisher"; Value = "Altium Limited"; VariantName = "[No Variations]"
Added Component: Designator=H4(HDR1X3)
Add component (AddParameter): Name = "LatestRevisionDate"; Value = "17-Jul-2002"; VariantName = "[No Variations]"
Add component (AddParameter): Name = "LatestRevisionNote"; Value = "Re-released for DXP Platform."; VariantName = "[No Variations]"
Add component (AddParameter): Name = "Publisher"; Value = "Altium Limited"; VariantName = "[No Variations]"
Added Component: Designator=H5(HDR1X2)
Add component (AddParameter): Name = "LatestRevisionDate"; Value = "17-Jul-2002"; VariantName = "[No Variations]"
Add component (AddParameter): Name = "LatestRevisionNote"; Value = "Re-released for DXP Platform."; VariantName = "[No Variations]"
Add component (AddParameter): Name = "Publisher"; Value = "Altium Limited"; VariantName = "[No Variations]"
Added Component: Designator=ICoo(TO254P482X997X2018-3P)
Add component (AddParameter): Name = "Arrow Part Number"; Value = "MC7805CTG"; VariantName = "[No Variations]"
Add component (AddParameter): Name = "Arrow Price/Stock"; Value = "https://www.arrow.com/en/products/mc7805ctg/on-semiconductor?region=asia"; VariantName = "[No Variations]"
Add component (AddParameter): Name = "Datasheet Link"; Value = "http://www.onsemi.com/pub/Collateral/MC7800-D.PDF"; VariantName = "[No Variations]"
Add component (AddParameter): Name = "Height"; Value = "4.82mm"; VariantName = "[No Variations]"
Add component (AddParameter): Name = "Manufacturer_Name"; Value = "ON Semiconductor"; VariantName = "[No Variations]"
Add component (AddParameter): Name = "Manufacturer_Part_Number"; Value = "MC7805CTG"; VariantName = "[No Variations]"
Add component (AddParameter): Name = "Mouser Part Number"; Value = "863-MC7805CTG"; VariantName = "[No Variations]"
Add component (AddParameter): Name = "Mouser Price/Stock"; Value = "https://www.mouser.co.uk/ProductDetail/ON-Semiconductor/MC7805CTG?qs=%252B9%2Fcbd0IE0SRQQJXyw%252B9hQ%3D%3D"; VariantName = "[No Variations]"
Added Component: Designator=IC(DIP787W53P254L982H508Q8N)
Add component (AddParameter): Name = "Arrow Part Number"; Value = "LM386N-4"; VariantName = "[No Variations]"
Add component (AddParameter): Name = "Arrow Price/Stock"; Value = "https://www.arrow.com/en/products/lm386n-4/texas-instruments"; VariantName = "[No Variations]"
Add component (AddParameter): Name = "Datasheet Link"; Value = "https://datasheet.datasheetarchive.com/originals/dk/DKDS-22/438053.pdf"; VariantName = "[No Variations]"
Add component (AddParameter): Name = "Height"; Value = "5.08mm"; VariantName = "[No Variations]"
Add component (AddParameter): Name = "Manufacturer_Name"; Value = "Texas Instruments"; VariantName = "[No Variations]"
Add component (AddParameter): Name = "Manufacturer_Part_Number"; Value = "LM386N-4"; VariantName = "[No Variations]"
Add component (AddParameter): Name = "Mouser Part Number"; Value = "926-LM386N-4"; VariantName = "[No Variations]"
Add component (AddParameter): Name = "Mouser Price/Stock"; Value = "https://www.mouser.com/Search/Refine.aspx?Keyword=926-LM386N-4"; VariantName = "[No Variations]"
Added Component: Designator=R1_amp(RESAD1650W60L650D250)
Add component (AddParameter): Name = "Arrow Part Number"; Value = "MRS25000C1002FRP00"; VariantName = "[No Variations]"
Add component (AddParameter): Name = "Arrow Price/Stock"; Value = "https://www.arrow.com/en/products/mrs25000c1002frp00/vishay?region=nac"; VariantName = "[No Variations]"
Add component (AddParameter): Name = "Datasheet Link"; Value = "http://www.vishay.com/docs/28724/mrs16m25.pdf"; VariantName = "[No Variations]"
Add component (AddParameter): Name = "Manufacturer_Name"; Value = "Vishay"; VariantName = "[No Variations]"
Add component (AddParameter): Name = "Manufacturer_Part_Number"; Value = "MRS25000C1002FRP00"; VariantName = "[No Variations]"
Add component (AddParameter): Name = "Mouser Part Number"; Value = "594-MRS2510K00F"; VariantName = "[No Variations]"
Add component (AddParameter): Name = "Mouser Price/Stock"; Value = "https://www.mouser.co.uk/ProductDetail/Vishay-BC-Components/MRS25000C1002FRP00?qs=BLrwpM7T1TlvU75Y03Sdyg%3D%3D"; VariantName = "[No Variations]"
Added Component: Designator=R1_reset(RESAD1680W59L680D250)
Add component (AddParameter): Name = "Arrow Part Number"; Value = ""; VariantName = "[No Variations]"
Add component (AddParameter): Name = "Arrow Price/Stock"; Value = ""; VariantName = "[No Variations]"
Add component (AddParameter): Name = "Datasheet Link"; Value = "https://componentsearchengine.com/Datasheets/2/MF25 1K2.pdf"; VariantName = "[No Variations]"
Add component (AddParameter): Name = "Manufacturer_Name"; Value = "MULTICOMP"; VariantName = "[No Variations]"
Add component (AddParameter): Name = "Manufacturer_Part_Number"; Value = "MF25 1K2"; VariantName = "[No Variations]"
Add component (AddParameter): Name = "Mouser Part Number"; Value = ""; VariantName = "[No Variations]"
Add component (AddParameter): Name = "Mouser Price/Stock"; Value = ""; VariantName = "[No Variations]"
Added Component: Designator=regulator(NCV7805BDTRKG_1)
Add component (AddParameter): Name = "Arrow Part Number"; Value = "NCV7805BDTRKG"; VariantName = "[No Variations]"
Add component (AddParameter): Name = "Arrow Price/Stock"; Value = "https://www.arrow.com/en/products/ncv7805bdtrkg/on-semiconductor"; VariantName = "[No Variations]"
Add component (AddParameter): Name = "Datasheet Link"; Value = "http://www.onsemi.com/pub_link/Collateral/MC7800-D.PDF"; VariantName = "[No Variations]"
Add component (AddParameter): Name = "Manufacturer_Name"; Value = "ON Semiconductor"; VariantName = "[No Variations]"
Add component (AddParameter): Name = "Manufacturer_Part_Number"; Value = "NCV7805BDTRKG"; VariantName = "[No Variations]"
Add component (AddParameter): Name = "Mouser Part Number"; Value = "863-NCV7805BDTRKG"; VariantName = "[No Variations]"
Add component (AddParameter): Name = "Mouser Price/Stock"; Value = "https://www.mouser.co.uk/ProductDetail/ON-Semiconductor/NCV7805BDTRKG?qs=Jh7l0IbPjidfcX%252BTiDInNg%3D%3D"; VariantName = "[No Variations]"
Added Component: Designator=RTC(HDR1X4)
Add component (AddParameter): Name = "LatestRevisionDate"; Value = "17-Jul-2002"; VariantName = "[No Variations]"
Add component (AddParameter): Name = "LatestRevisionNote"; Value = "Re-released for DXP Platform."; VariantName = "[No Variations]"
Add component (AddParameter): Name = "Publisher"; Value = "Altium Limited"; VariantName = "[No Variations]"
Added Pin To Net: NetName=+12 Pin=C1_Power-1
Added Pin To Net: NetName=+12 Pin=C2_power-1
Added Pin To Net: NetName=+12 Pin=H1-2
Added Pin To Net: NetName=+12 Pin=regulator-1
Added Net: Name=+12
Added Pin To Net: NetName=GND Pin=ATMEGA328-PU-8
Added Pin To Net: NetName=GND Pin=ATMEGA328-PU-22
Added Pin To Net: NetName=GND Pin=Button-5
Added Pin To Net: NetName=GND Pin=C1_Power-2
Added Pin To Net: NetName=GND Pin=C2_amp-2
Added Pin To Net: NetName=GND Pin=C2_power-2
Added Pin To Net: NetName=GND Pin=C3_power-2
Added Pin To Net: NetName=GND Pin=C4_p-2
Added Pin To Net: NetName=GND Pin=C?-2
Added Pin To Net: NetName=GND Pin=H1-1
Added Pin To Net: NetName=GND Pin=H4-2
Added Pin To Net: NetName=GND Pin=H5-1
Added Pin To Net: NetName=GND Pin=IC-2
Added Pin To Net: NetName=GND Pin=IC-4
Added Pin To Net: NetName=GND Pin=regulator-3
Added Pin To Net: NetName=GND Pin=RTC-2
Added Net: Name=GND
Added Pin To Net: NetName=NetATMEGA328-PU_1 Pin=ATMEGA328-PU-1
Added Pin To Net: NetName=NetATMEGA328-PU_1 Pin=R1_reset-1
Added Net: Name=NetATMEGA328-PU_1
Added Pin To Net: NetName=NetATMEGA328-PU_16 Pin=ATMEGA328-PU-16
Added Pin To Net: NetName=NetATMEGA328-PU_16 Pin=Button-4
Added Net: Name=NetATMEGA328-PU_16
Added Pin To Net: NetName=NetATMEGA328-PU_17 Pin=ATMEGA328-PU-17
Added Pin To Net: NetName=NetATMEGA328-PU_17 Pin=Button-3
Added Net: Name=NetATMEGA328-PU_17
Added Pin To Net: NetName=NetATMEGA328-PU_18 Pin=ATMEGA328-PU-18
Added Pin To Net: NetName=NetATMEGA328-PU_18 Pin=Button-2
Added Net: Name=NetATMEGA328-PU_18
Added Pin To Net: NetName=NetATMEGA328-PU_19 Pin=ATMEGA328-PU-19
Added Pin To Net: NetName=NetATMEGA328-PU_19 Pin=Button-1
Added Net: Name=NetATMEGA328-PU_19
Added Pin To Net: NetName=NetATMEGA328-PU_27 Pin=ATMEGA328-PU-27
Added Pin To Net: NetName=NetATMEGA328-PU_27 Pin=RTC-4
Added Net: Name=NetATMEGA328-PU_27
Added Pin To Net: NetName=NetATMEGA328-PU_28 Pin=ATMEGA328-PU-28
Added Pin To Net: NetName=NetATMEGA328-PU_28 Pin=RTC-3
Added Net: Name=NetATMEGA328-PU_28
Added Pin To Net: NetName=NetC1_amp_1 Pin=C1_amp-1
Added Pin To Net: NetName=NetC1_amp_1 Pin=IC-1
Added Net: Name=NetC1_amp_1
Added Pin To Net: NetName=NetC1_amp_2 Pin=C1_amp-2
Added Pin To Net: NetName=NetC1_amp_2 Pin=IC-8
Added Net: Name=NetC1_amp_2
Added Pin To Net: NetName=NetC2_amp_1 Pin=C2_amp-1
Added Pin To Net: NetName=NetC2_amp_1 Pin=R1_amp-2
Added Net: Name=NetC2_amp_1
Added Pin To Net: NetName=NetH4_3 Pin=H4-3
Added Pin To Net: NetName=NetH4_3 Pin=IC-3
Added Net: Name=NetH4_3
Added Pin To Net: NetName=NetH5_2 Pin=H5-2
Added Pin To Net: NetName=NetH5_2 Pin=IC-5
Added Net: Name=NetH5_2
Added Pin To Net: NetName=NetIC_7 Pin=IC-7
Added Pin To Net: NetName=NetIC_7 Pin=R1_amp-1
Added Net: Name=NetIC_7
Added Pin To Net: NetName=Speaker Pin=ATMEGA328-PU-2
Added Pin To Net: NetName=Speaker Pin=H4-1
Added Net: Name=Speaker
Added Pin To Net: NetName=Vcc_amp Pin=ATMEGA328-PU-7
Added Pin To Net: NetName=Vcc_amp Pin=ATMEGA328-PU-20
Added Pin To Net: NetName=Vcc_amp Pin=C3_power-1
Added Pin To Net: NetName=Vcc_amp Pin=C4_p-1
Added Pin To Net: NetName=Vcc_amp Pin=C?-1
Added Pin To Net: NetName=Vcc_amp Pin=IC-6
Added Pin To Net: NetName=Vcc_amp Pin=R1_reset-2
Added Pin To Net: NetName=Vcc_amp Pin=regulator-2
Added Pin To Net: NetName=Vcc_amp Pin=RTC-1
Added Net: Name=Vcc_amp
Added Class: Name=Schematic_Alarm_tone
Added Room: Name=Schematic_Alarm_tone
