Added Component: Designator=LED(SSL-LX5093SGC/B)
Add component (AddParameter): Name = "Arrow Part Number"; Value = "SSL-LX5093TC"; VariantName = "[No Variations]"
Add component (AddParameter): Name = "Arrow Price/Stock"; Value = "https://www.arrow.com/en/products/ssl-lx5093tc/lumex?region=nac"; VariantName = "[No Variations]"
Add component (AddParameter): Name = "Datasheet Link"; Value = "http://www.lumex.com.tw/spec/SSL-LX5093TC.pdf"; VariantName = "[No Variations]"
Add component (AddParameter): Name = "Manufacturer_Name"; Value = "Lumex"; VariantName = "[No Variations]"
Add component (AddParameter): Name = "Manufacturer_Part_Number"; Value = "SSL-LX5093TC"; VariantName = "[No Variations]"
Add component (AddParameter): Name = "Mouser Part Number"; Value = "696-SSL-LX5093TC"; VariantName = "[No Variations]"
Add component (AddParameter): Name = "Mouser Price/Stock"; Value = "https://www.mouser.co.uk/ProductDetail/Lumex/SSL-LX5093TC?qs=94qWIstW55WGdi06hcoEWQ%3D%3D"; VariantName = "[No Variations]"
Added Component: Designator=S1(EP11SD1CBE)
Add component (AddParameter): Name = "Arrow Part Number"; Value = "EP11SD1CBE"; VariantName = "[No Variations]"
Add component (AddParameter): Name = "Arrow Price/Stock"; Value = "https://www.arrow.com/en/products/ep11sd1cbe/ck?region=nac"; VariantName = "[No Variations]"
Add component (AddParameter): Name = "Datasheet Link"; Value = "https://www.ckswitches.com/media/1408/ep.pdf"; VariantName = "[No Variations]"
Add component (AddParameter): Name = "Height"; Value = "18mm"; VariantName = "[No Variations]"
Add component (AddParameter): Name = "Manufacturer_Name"; Value = "C & K COMPONENTS"; VariantName = "[No Variations]"
Add component (AddParameter): Name = "Manufacturer_Part_Number"; Value = "EP11SD1CBE"; VariantName = "[No Variations]"
Add component (AddParameter): Name = "Mouser Part Number"; Value = "611-EP11-003"; VariantName = "[No Variations]"
Add component (AddParameter): Name = "Mouser Price/Stock"; Value = "https://www.mouser.co.uk/ProductDetail/CK/EP11SD1CBE/?qs=iGs0Ib%2FftARmZmOE2VC3xw%3D%3D"; VariantName = "[No Variations]"
Added Component: Designator=S2(EP11SD1CBE)
Add component (AddParameter): Name = "Arrow Part Number"; Value = "EP11SD1CBE"; VariantName = "[No Variations]"
Add component (AddParameter): Name = "Arrow Price/Stock"; Value = "https://www.arrow.com/en/products/ep11sd1cbe/ck?region=nac"; VariantName = "[No Variations]"
Add component (AddParameter): Name = "Datasheet Link"; Value = "https://www.ckswitches.com/media/1408/ep.pdf"; VariantName = "[No Variations]"
Add component (AddParameter): Name = "Height"; Value = "18mm"; VariantName = "[No Variations]"
Add component (AddParameter): Name = "Manufacturer_Name"; Value = "C & K COMPONENTS"; VariantName = "[No Variations]"
Add component (AddParameter): Name = "Manufacturer_Part_Number"; Value = "EP11SD1CBE"; VariantName = "[No Variations]"
Add component (AddParameter): Name = "Mouser Part Number"; Value = "611-EP11-003"; VariantName = "[No Variations]"
Add component (AddParameter): Name = "Mouser Price/Stock"; Value = "https://www.mouser.co.uk/ProductDetail/CK/EP11SD1CBE/?qs=iGs0Ib%2FftARmZmOE2VC3xw%3D%3D"; VariantName = "[No Variations]"
Added Component: Designator=S3(EP11SD1CBE)
Add component (AddParameter): Name = "Arrow Part Number"; Value = "EP11SD1CBE"; VariantName = "[No Variations]"
Add component (AddParameter): Name = "Arrow Price/Stock"; Value = "https://www.arrow.com/en/products/ep11sd1cbe/ck?region=nac"; VariantName = "[No Variations]"
Add component (AddParameter): Name = "Datasheet Link"; Value = "https://www.ckswitches.com/media/1408/ep.pdf"; VariantName = "[No Variations]"
Add component (AddParameter): Name = "Height"; Value = "18mm"; VariantName = "[No Variations]"
Add component (AddParameter): Name = "Manufacturer_Name"; Value = "C & K COMPONENTS"; VariantName = "[No Variations]"
Add component (AddParameter): Name = "Manufacturer_Part_Number"; Value = "EP11SD1CBE"; VariantName = "[No Variations]"
Add component (AddParameter): Name = "Mouser Part Number"; Value = "611-EP11-003"; VariantName = "[No Variations]"
Add component (AddParameter): Name = "Mouser Price/Stock"; Value = "https://www.mouser.co.uk/ProductDetail/CK/EP11SD1CBE/?qs=iGs0Ib%2FftARmZmOE2VC3xw%3D%3D"; VariantName = "[No Variations]"
Added Component: Designator=S4(EP11SD1CBE)
Add component (AddParameter): Name = "Arrow Part Number"; Value = "EP11SD1CBE"; VariantName = "[No Variations]"
Add component (AddParameter): Name = "Arrow Price/Stock"; Value = "https://www.arrow.com/en/products/ep11sd1cbe/ck?region=nac"; VariantName = "[No Variations]"
Add component (AddParameter): Name = "Datasheet Link"; Value = "https://www.ckswitches.com/media/1408/ep.pdf"; VariantName = "[No Variations]"
Add component (AddParameter): Name = "Height"; Value = "18mm"; VariantName = "[No Variations]"
Add component (AddParameter): Name = "Manufacturer_Name"; Value = "C & K COMPONENTS"; VariantName = "[No Variations]"
Add component (AddParameter): Name = "Manufacturer_Part_Number"; Value = "EP11SD1CBE"; VariantName = "[No Variations]"
Add component (AddParameter): Name = "Mouser Part Number"; Value = "611-EP11-003"; VariantName = "[No Variations]"
Add component (AddParameter): Name = "Mouser Price/Stock"; Value = "https://www.mouser.co.uk/ProductDetail/CK/EP11SD1CBE/?qs=iGs0Ib%2FftARmZmOE2VC3xw%3D%3D"; VariantName = "[No Variations]"
Added Component: Designator=Swithces(HDRV8W51P0X254_1X8_2032X254X816P)
Add component (AddParameter): Name = "Arrow Part Number"; Value = ""; VariantName = "[No Variations]"
Add component (AddParameter): Name = "Arrow Price/Stock"; Value = ""; VariantName = "[No Variations]"
Add component (AddParameter): Name = "Datasheet Link"; Value = "https://www.mouser.in/datasheet/2/35/12036-pin-line-header-1224908.pdf"; VariantName = "[No Variations]"
Add component (AddParameter): Name = "Height"; Value = "8.16mm"; VariantName = "[No Variations]"
Add component (AddParameter): Name = "Manufacturer_Name"; Value = "ARIES"; VariantName = "[No Variations]"
Add component (AddParameter): Name = "Manufacturer_Part_Number"; Value = "08-0625-70"; VariantName = "[No Variations]"
Add component (AddParameter): Name = "Mouser Part Number"; Value = "535-08-0625-70"; VariantName = "[No Variations]"
Add component (AddParameter): Name = "Mouser Price/Stock"; Value = "https://www.mouser.co.uk/ProductDetail/Aries-Electronics/08-0625-70?qs=BpaRKvA4VqGb7C%252By2JfgtQ%3D%3D"; VariantName = "[No Variations]"
Added Component: Designator=Vol Controller(14910F0GJSX10103KA)
Add component (AddParameter): Name = "Arrow Part Number"; Value = ""; VariantName = "[No Variations]"
Add component (AddParameter): Name = "Arrow Price/Stock"; Value = ""; VariantName = "[No Variations]"
Add component (AddParameter): Name = "Datasheet Link"; Value = "https://www.mouser.com/datasheet/2/427/148149-239924.pdf"; VariantName = "[No Variations]"
Add component (AddParameter): Name = "Manufacturer_Name"; Value = "Vishay"; VariantName = "[No Variations]"
Add component (AddParameter): Name = "Manufacturer_Part_Number"; Value = "14910A0BHSX10502KA"; VariantName = "[No Variations]"
Add component (AddParameter): Name = "Mouser Part Number"; Value = "594-14910A0BHSP502KA"; VariantName = "[No Variations]"
Add component (AddParameter): Name = "Mouser Price/Stock"; Value = "https://www.mouser.co.uk/ProductDetail/Vishay-Spectrol/14910A0BHSX10502KA/?qs=sKxHajcpPaBuEjDBnLxOZg%3D%3D"; VariantName = "[No Variations]"
Added Pin To Net: NetName=GND Pin=LED-1
Added Pin To Net: NetName=GND Pin=S1-1
Added Pin To Net: NetName=GND Pin=S2-1
Added Pin To Net: NetName=GND Pin=S3-1
Added Pin To Net: NetName=GND Pin=S4-1
Added Pin To Net: NetName=GND Pin=Swithces-8
Added Pin To Net: NetName=GND Pin=Vol Controller-3
Added Net: Name=GND
Added Pin To Net: NetName=NetLED_2 Pin=LED-2
Added Pin To Net: NetName=NetLED_2 Pin=Swithces-5
Added Net: Name=NetLED_2
Added Pin To Net: NetName=NetS1_3 Pin=S1-3
Added Pin To Net: NetName=NetS1_3 Pin=Swithces-1
Added Net: Name=NetS1_3
Added Pin To Net: NetName=NetS2_3 Pin=S2-3
Added Pin To Net: NetName=NetS2_3 Pin=Swithces-2
Added Net: Name=NetS2_3
Added Pin To Net: NetName=NetS3_3 Pin=S3-3
Added Pin To Net: NetName=NetS3_3 Pin=Swithces-3
Added Net: Name=NetS3_3
Added Pin To Net: NetName=NetS4_3 Pin=S4-3
Added Pin To Net: NetName=NetS4_3 Pin=Swithces-4
Added Net: Name=NetS4_3
Added Pin To Net: NetName=NetSwithces_6 Pin=Swithces-6
Added Pin To Net: NetName=NetSwithces_6 Pin=Vol Controller-2
Added Net: Name=NetSwithces_6
Added Pin To Net: NetName=NetSwithces_7 Pin=Swithces-7
Added Pin To Net: NetName=NetSwithces_7 Pin=Vol Controller-1
Added Net: Name=NetSwithces_7
Added Class: Name=PCB_Switch
